2020-09-04 23:19:35 INFO  CommonUtilites 37 - Config PropertyFile Path C:\Users\siri\eclipse-workspace\Selinum_Zoopla/src/main/resources/Properties/Config.properties
2020-09-04 23:19:35 INFO  searchhouses 30 - launching the browser
2020-09-04 23:19:51 INFO  searchhouses 33 - enter input location
2020-09-04 23:19:51 INFO  searchhouses 34 - user submitted the inputlocation
2020-09-04 23:19:58 INFO  searchhouses 40 - list of house prices are displayed by descending order
2020-09-04 23:20:07 INFO  searchhouses 47 - user clicked on fiveth proprty from list of houses
2020-09-04 23:22:59 INFO  CommonUtilites 37 - Config PropertyFile Path C:\Users\siri\eclipse-workspace\Selinum_Zoopla/src/main/resources/Properties/Config.properties
2020-09-04 23:22:59 INFO  searchhouses 30 - launching the browser
2020-09-04 23:23:12 INFO  searchhouses 28 - enter input location
2020-09-04 23:23:12 INFO  searchhouses 29 - user submitted the inputlocation
2020-09-04 23:23:21 INFO  searchhouses 35 - list of house prices are displayed by descending order
2020-09-04 23:23:26 INFO  searchhouses 42 - user clicked on fiveth proprty from list of houses
2020-09-04 23:23:58 INFO  CommonUtilites 37 - Config PropertyFile Path C:\Users\siri\eclipse-workspace\Selinum_Zoopla/src/main/resources/Properties/Config.properties
2020-09-04 23:23:58 INFO  searchhouses 30 - launching the browser
2020-09-04 23:24:11 INFO  searchhouses 28 - enter input location
2020-09-04 23:24:11 INFO  searchhouses 29 - user submitted the inputlocation
2020-09-04 23:24:21 INFO  searchhouses 35 - list of house prices are displayed by descending order
2020-09-04 23:24:26 INFO  searchhouses 42 - user clicked on fiveth proprty from list of houses
2020-09-08 00:20:48 INFO  CommonUtilites 37 - Config PropertyFile Path C:\Users\siri\eclipse-workspace\Selinum_Zoopla/src/main/resources/Properties/Config.properties
2020-09-08 00:20:48 INFO  searchhouses 30 - launching the browser
2020-09-08 00:21:04 INFO  searchhouses 26 - enter input location
2020-09-08 00:21:04 INFO  searchhouses 27 - user submitted the inputlocation
2020-09-08 00:21:09 INFO  searchhouses 33 - list of house prices are displayed by descending order
2020-09-08 00:21:18 INFO  searchhouses 40 - user clicked on fiveth proprty from list of houses
2020-09-08 00:21:19 INFO  searchhouses 49 - user cicked on agent name
2020-09-08 00:21:30 INFO  CommonUtilites 37 - Config PropertyFile Path C:\Users\siri\eclipse-workspace\Selinum_Zoopla/src/main/resources/Properties/Config.properties
2020-09-08 00:21:30 INFO  searchhouses 30 - launching the browser
2020-09-08 00:21:46 INFO  searchhouses 26 - enter input location
2020-09-08 00:21:46 INFO  searchhouses 27 - user submitted the inputlocation
2020-09-08 00:21:54 INFO  searchhouses 33 - list of house prices are displayed by descending order
2020-09-08 00:21:54 INFO  searchhouses 33 - list of house prices are displayed by descending order
2020-09-08 00:21:58 INFO  searchhouses 40 - user clicked on fiveth proprty from list of houses
2020-09-08 00:22:00 INFO  searchhouses 49 - user cicked on agent name
2020-09-08 00:24:42 INFO  CommonUtilites 37 - Config PropertyFile Path C:\Users\siri\eclipse-workspace\Selinum_Zoopla/src/main/resources/Properties/Config.properties
2020-09-08 00:24:42 INFO  searchhouses 30 - launching the browser
2020-09-08 00:25:12 INFO  searchhouses 26 - enter input location
2020-09-08 00:25:12 INFO  searchhouses 27 - user submitted the inputlocation
2020-09-08 00:25:18 INFO  searchhouses 33 - list of house prices are displayed by descending order
2020-09-08 00:25:18 INFO  searchhouses 33 - list of house prices are displayed by descending order
2020-09-08 00:25:23 INFO  searchhouses 40 - user clicked on fiveth proprty from list of houses
2020-09-08 00:25:25 INFO  searchhouses 49 - user cicked on agent name
2020-09-08 00:27:02 INFO  CommonUtilites 37 - Config PropertyFile Path C:\Users\siri\eclipse-workspace\Selinum_Zoopla/src/main/resources/Properties/Config.properties
2020-09-08 00:27:02 INFO  searchhouses 30 - launching the browser
2020-09-08 00:27:22 INFO  searchhouses 26 - enter input location
2020-09-08 00:27:22 INFO  searchhouses 27 - user submitted the inputlocation
2020-09-08 00:27:27 INFO  searchhouses 33 - list of house prices are displayed by descending order
2020-09-08 00:27:27 INFO  searchhouses 33 - list of house prices are displayed by descending order
2020-09-08 00:27:32 INFO  searchhouses 40 - user clicked on fiveth proprty from list of houses
2020-09-08 00:27:34 INFO  searchhouses 49 - user cicked on agent name
2020-09-08 00:31:41 INFO  CommonUtilites 37 - Config PropertyFile Path C:\Users\siri\eclipse-workspace\Selinum_Zoopla/src/main/resources/Properties/Config.properties
2020-09-08 00:31:41 INFO  searchhouses 30 - launching the browser
2020-09-08 00:32:14 INFO  searchhouses 26 - enter input location
2020-09-08 00:32:14 INFO  searchhouses 27 - user submitted the inputlocation
2020-09-08 00:32:18 INFO  searchhouses 33 - list of house prices are displayed by descending order
2020-09-08 00:32:18 INFO  searchhouses 33 - list of house prices are displayed by descending order
2020-09-08 00:32:23 INFO  searchhouses 40 - user clicked on fiveth proprty from list of houses
2020-09-08 00:32:23 INFO  searchhouses 40 - user clicked on fiveth proprty from list of houses
